{"numFailedTestSuites":1,"numFailedTests":1,"numPassedTestSuites":0,"numPassedTests":31,"numPendingTestSuites":0,"numPendingTests":0,"numRuntimeErrorTestSuites":0,"numTodoTests":0,"numTotalTestSuites":1,"numTotalTests":32,"openHandles":[],"snapshot":{"added":0,"didUpdate":false,"failure":false,"filesAdded":0,"filesRemoved":0,"filesRemovedList":[],"filesUnmatched":0,"filesUpdated":0,"matched":0,"total":0,"unchecked":0,"uncheckedKeysByFile":[],"unmatched":0,"updated":0},"startTime":1774704798642,"success":false,"testResults":[{"assertionResults":[{"ancestorTitles":["SubmissionServiceService"],"duration":18,"failing":false,"failureDetails":[],"failureMessages":[],"fullName":"SubmissionServiceService should be defined","invocations":1,"location":null,"numPassingAsserts":1,"retryReasons":[],"startAt":1774704800697,"status":"passed","title":"should be defined"},{"ancestorTitles":["SubmissionServiceService","getSubmissionsByUser"],"duration":4,"failing":false,"failureDetails":[],"failureMessages":[],"fullName":"SubmissionServiceService getSubmissionsByUser [Normal] tráº£ vá» danh sĂ¡ch bĂ i ná»™p cá»§a user","invocations":1,"location":null,"numPassingAsserts":2,"retryReasons":[],"startAt":1774704800716,"status":"passed","title":"[Normal] tráº£ vá» danh sĂ¡ch bĂ i ná»™p cá»§a user"},{"ancestorTitles":["SubmissionServiceService","getSubmissionsByUser"],"duration":5,"failing":false,"failureDetails":[],"failureMessages":[],"fullName":"SubmissionServiceService getSubmissionsByUser [Boundary] tráº£ vá» máº£ng rá»—ng khi user khĂ´ng cĂ³ bĂ i ná»™p nĂ o","invocations":1,"location":null,"numPassingAsserts":2,"retryReasons":[],"startAt":1774704800720,"status":"passed","title":"[Boundary] tráº£ vá» máº£ng rá»—ng khi user khĂ´ng cĂ³ bĂ i ná»™p nĂ o"},{"ancestorTitles":["SubmissionServiceService","getSubmissionsByUser"],"duration":27,"failing":false,"failureDetails":[],"failureMessages":[],"fullName":"SubmissionServiceService getSubmissionsByUser [Abnormal] nĂ©m InternalServerErrorException khi DB lá»—i","invocations":1,"location":null,"numPassingAsserts":1,"retryReasons":[],"startAt":1774704800725,"status":"passed","title":"[Abnormal] nĂ©m InternalServerErrorException khi DB lá»—i"},{"ancestorTitles":["SubmissionServiceService","getSubmissionById"],"duration":4,"failing":false,"failureDetails":[],"failureMessages":[],"fullName":"SubmissionServiceService getSubmissionById [Normal] owner xem Ä‘Æ°á»£c bĂ i cá»§a mĂ¬nh","invocations":1,"location":null,"numPassingAsserts":1,"retryReasons":[],"startAt":1774704800752,"status":"passed","title":"[Normal] owner xem Ä‘Æ°á»£c bĂ i cá»§a mĂ¬nh"},{"ancestorTitles":["SubmissionServiceService","getSubmissionById"],"duration":4,"failing":false,"failureDetails":[],"failureMessages":[],"fullName":"SubmissionServiceService getSubmissionById [Normal] CHAIR xem Ä‘Æ°á»£c má»i bĂ i ná»™p","invocations":1,"location":null,"numPassingAsserts":1,"retryReasons":[],"startAt":1774704800756,"status":"passed","title":"[Normal] CHAIR xem Ä‘Æ°á»£c má»i bĂ i ná»™p"},{"ancestorTitles":["SubmissionServiceService","getSubmissionById"],"duration":3,"failing":false,"failureDetails":[],"failureMessages":[],"fullName":"SubmissionServiceService getSubmissionById [Abnormal] nĂ©m NotFoundException khi submission khĂ´ng tá»“n táº¡i","invocations":1,"location":null,"numPassingAsserts":1,"retryReasons":[],"startAt":1774704800760,"status":"passed","title":"[Abnormal] nĂ©m NotFoundException khi submission khĂ´ng tá»“n táº¡i"},{"ancestorTitles":["SubmissionServiceService","getSubmissionById"],"duration":2,"failing":false,"failureDetails":[],"failureMessages":[],"fullName":"SubmissionServiceService getSubmissionById [Abnormal] nĂ©m ForbiddenException khi khĂ´ng pháº£i owner vĂ  khĂ´ng lĂ  CHAIR","invocations":1,"location":null,"numPassingAsserts":1,"retryReasons":[],"startAt":1774704800764,"status":"passed","title":"[Abnormal] nĂ©m ForbiddenException khi khĂ´ng pháº£i owner vĂ  khĂ´ng lĂ  CHAIR"},{"ancestorTitles":["SubmissionServiceService","getSubmissionsByConference"],"duration":6,"failing":false,"failureDetails":[],"failureMessages":[],"fullName":"SubmissionServiceService getSubmissionsByConference [Normal] tráº£ vá» danh sĂ¡ch bĂ i ná»™p theo conferenceId","invocations":1,"location":null,"numPassingAsserts":2,"retryReasons":[],"startAt":1774704800767,"status":"passed","title":"[Normal] tráº£ vá» danh sĂ¡ch bĂ i ná»™p theo conferenceId"},{"ancestorTitles":["SubmissionServiceService","getSubmissionsByConference"],"duration":3,"failing":false,"failureDetails":[],"failureMessages":[],"fullName":"SubmissionServiceService getSubmissionsByConference [Boundary] tráº£ vá» total=0 khi conference chÆ°a cĂ³ bĂ i nĂ o","invocations":1,"location":null,"numPassingAsserts":2,"retryReasons":[],"startAt":1774704800773,"status":"passed","title":"[Boundary] tráº£ vá» total=0 khi conference chÆ°a cĂ³ bĂ i nĂ o"},{"ancestorTitles":["SubmissionServiceService","getSubmissionsByConference"],"duration":3,"failing":false,"failureDetails":[],"failureMessages":[],"fullName":"SubmissionServiceService getSubmissionsByConference [Abnormal] nĂ©m InternalServerErrorException khi DB lá»—i","invocations":1,"location":null,"numPassingAsserts":1,"retryReasons":[],"startAt":1774704800776,"status":"passed","title":"[Abnormal] nĂ©m InternalServerErrorException khi DB lá»—i"},{"ancestorTitles":["SubmissionServiceService","updateStatus"],"duration":2,"failing":false,"failureDetails":[],"failureMessages":[],"fullName":"SubmissionServiceService updateStatus [Normal] CHAIR cáº­p nháº­t tráº¡ng thĂ¡i thĂ nh cĂ´ng","invocations":1,"location":null,"numPassingAsserts":1,"retryReasons":[],"startAt":1774704800779,"status":"passed","title":"[Normal] CHAIR cáº­p nháº­t tráº¡ng thĂ¡i thĂ nh cĂ´ng"},{"ancestorTitles":["SubmissionServiceService","updateStatus"],"duration":4,"failing":false,"failureDetails":[],"failureMessages":[],"fullName":"SubmissionServiceService updateStatus [Normal] owner cáº­p nháº­t tráº¡ng thĂ¡i thĂ nh cĂ´ng","invocations":1,"location":null,"numPassingAsserts":1,"retryReasons":[],"startAt":1774704800781,"status":"passed","title":"[Normal] owner cáº­p nháº­t tráº¡ng thĂ¡i thĂ nh cĂ´ng"},{"ancestorTitles":["SubmissionServiceService","updateStatus"],"duration":4,"failing":false,"failureDetails":[],"failureMessages":[],"fullName":"SubmissionServiceService updateStatus [Abnormal] nĂ©m ForbiddenException khi khĂ´ng cĂ³ quyá»n","invocations":1,"location":null,"numPassingAsserts":1,"retryReasons":[],"startAt":1774704800785,"status":"passed","title":"[Abnormal] nĂ©m ForbiddenException khi khĂ´ng cĂ³ quyá»n"},{"ancestorTitles":["SubmissionServiceService","updateStatus"],"duration":4,"failing":false,"failureDetails":[],"failureMessages":[],"fullName":"SubmissionServiceService updateStatus [Abnormal] nĂ©m NotFoundException khi submission khĂ´ng tá»“n táº¡i","invocations":1,"location":null,"numPassingAsserts":1,"retryReasons":[],"startAt":1774704800790,"status":"passed","title":"[Abnormal] nĂ©m NotFoundException khi submission khĂ´ng tá»“n táº¡i"},{"ancestorTitles":["SubmissionServiceService","withdrawSubmission"],"duration":3,"failing":false,"failureDetails":[],"failureMessages":[],"fullName":"SubmissionServiceService withdrawSubmission [Normal] owner rĂºt bĂ i thĂ nh cĂ´ng","invocations":1,"location":null,"numPassingAsserts":2,"retryReasons":[],"startAt":1774704800795,"status":"passed","title":"[Normal] owner rĂºt bĂ i thĂ nh cĂ´ng"},{"ancestorTitles":["SubmissionServiceService","withdrawSubmission"],"duration":2,"failing":false,"failureDetails":[],"failureMessages":[],"fullName":"SubmissionServiceService withdrawSubmission [Abnormal] nĂ©m ForbiddenException khi khĂ´ng pháº£i owner","invocations":1,"location":null,"numPassingAsserts":1,"retryReasons":[],"startAt":1774704800798,"status":"passed","title":"[Abnormal] nĂ©m ForbiddenException khi khĂ´ng pháº£i owner"},{"ancestorTitles":["SubmissionServiceService","withdrawSubmission"],"duration":3,"failing":false,"failureDetails":[],"failureMessages":[],"fullName":"SubmissionServiceService withdrawSubmission [Abnormal] nĂ©m BadRequestException khi bĂ i Ä‘Ă£ ACCEPTED","invocations":1,"location":null,"numPassingAsserts":1,"retryReasons":[],"startAt":1774704800800,"status":"passed","title":"[Abnormal] nĂ©m BadRequestException khi bĂ i Ä‘Ă£ ACCEPTED"},{"ancestorTitles":["SubmissionServiceService","withdrawSubmission"],"duration":3,"failing":false,"failureDetails":[],"failureMessages":[],"fullName":"SubmissionServiceService withdrawSubmission [Abnormal] nĂ©m NotFoundException khi submission khĂ´ng tá»“n táº¡i","invocations":1,"location":null,"numPassingAsserts":1,"retryReasons":[],"startAt":1774704800803,"status":"passed","title":"[Abnormal] nĂ©m NotFoundException khi submission khĂ´ng tá»“n táº¡i"},{"ancestorTitles":["SubmissionServiceService","updateSubmission"],"duration":42,"failing":false,"failureDetails":[],"failureMessages":[],"fullName":"SubmissionServiceService updateSubmission [Normal] owner cáº­p nháº­t title vĂ  abstract thĂ nh cĂ´ng","invocations":1,"location":null,"numPassingAsserts":2,"retryReasons":[],"startAt":1774704800806,"status":"passed","title":"[Normal] owner cáº­p nháº­t title vĂ  abstract thĂ nh cĂ´ng"},{"ancestorTitles":["SubmissionServiceService","updateSubmission"],"duration":7,"failing":false,"failureDetails":[],"failureMessages":[],"fullName":"SubmissionServiceService updateSubmission [Abnormal] nĂ©m ForbiddenException khi khĂ´ng pháº£i owner","invocations":1,"location":null,"numPassingAsserts":1,"retryReasons":[],"startAt":1774704800848,"status":"passed","title":"[Abnormal] nĂ©m ForbiddenException khi khĂ´ng pháº£i owner"},{"ancestorTitles":["SubmissionServiceService","updateSubmission"],"duration":4,"failing":false,"failureDetails":[],"failureMessages":[],"fullName":"SubmissionServiceService updateSubmission [Abnormal] nĂ©m BadRequestException khi bĂ i Ä‘Ă£ ACCEPTED","invocations":1,"location":null,"numPassingAsserts":1,"retryReasons":[],"startAt":1774704800855,"status":"passed","title":"[Abnormal] nĂ©m BadRequestException khi bĂ i Ä‘Ă£ ACCEPTED"},{"ancestorTitles":["SubmissionServiceService","updateSubmission"],"duration":4,"failing":false,"failureDetails":[],"failureMessages":[],"fullName":"SubmissionServiceService updateSubmission [Abnormal] nĂ©m BadRequestException khi bĂ i Ä‘Ă£ WITHDRAWN","invocations":1,"location":null,"numPassingAsserts":1,"retryReasons":[],"startAt":1774704800859,"status":"passed","title":"[Abnormal] nĂ©m BadRequestException khi bĂ i Ä‘Ă£ WITHDRAWN"},{"ancestorTitles":["SubmissionServiceService","getSubmissionReviews"],"duration":4,"failing":false,"failureDetails":[],"failureMessages":[],"fullName":"SubmissionServiceService getSubmissionReviews [Normal] CHAIR láº¥y reviews vá»›i full thĂ´ng tin","invocations":1,"location":null,"numPassingAsserts":2,"retryReasons":[],"startAt":1774704800863,"status":"passed","title":"[Normal] CHAIR láº¥y reviews vá»›i full thĂ´ng tin"},{"ancestorTitles":["SubmissionServiceService","getSubmissionReviews"],"duration":5,"failing":false,"failureDetails":[],"failureMessages":[],"fullName":"SubmissionServiceService getSubmissionReviews [Abnormal] nĂ©m ForbiddenException khi khĂ´ng pháº£i owner vĂ  khĂ´ng lĂ  CHAIR","invocations":1,"location":null,"numPassingAsserts":1,"retryReasons":[],"startAt":1774704800867,"status":"passed","title":"[Abnormal] nĂ©m ForbiddenException khi khĂ´ng pháº£i owner vĂ  khĂ´ng lĂ  CHAIR"},{"ancestorTitles":["SubmissionServiceService","getSubmissionReviews"],"duration":4,"failing":false,"failureDetails":[],"failureMessages":[],"fullName":"SubmissionServiceService getSubmissionReviews [Abnormal] nĂ©m NotFoundException khi submission khĂ´ng tá»“n táº¡i","invocations":1,"location":null,"numPassingAsserts":1,"retryReasons":[],"startAt":1774704800872,"status":"passed","title":"[Abnormal] nĂ©m NotFoundException khi submission khĂ´ng tá»“n táº¡i"},{"ancestorTitles":["SubmissionServiceService","getPublicFileInfoBySubmissionId"],"duration":4,"failing":false,"failureDetails":[],"failureMessages":[],"fullName":"SubmissionServiceService getPublicFileInfoBySubmissionId [Normal] tráº£ vá» thĂ´ng tin file má»›i nháº¥t","invocations":1,"location":null,"numPassingAsserts":2,"retryReasons":[],"startAt":1774704800877,"status":"passed","title":"[Normal] tráº£ vá» thĂ´ng tin file má»›i nháº¥t"},{"ancestorTitles":["SubmissionServiceService","getPublicFileInfoBySubmissionId"],"duration":4,"failing":false,"failureDetails":[],"failureMessages":[],"fullName":"SubmissionServiceService getPublicFileInfoBySubmissionId [Abnormal] nĂ©m NotFoundException khi khĂ´ng cĂ³ file nĂ o","invocations":1,"location":null,"numPassingAsserts":1,"retryReasons":[],"startAt":1774704800881,"status":"passed","title":"[Abnormal] nĂ©m NotFoundException khi khĂ´ng cĂ³ file nĂ o"},{"ancestorTitles":["SubmissionServiceService","handleSubmission"],"duration":21,"failing":false,"failureDetails":[{"response":{"message":"Chá»§ Ä‘á» khĂ´ng há»£p lá»‡. Chá»n má»™t trong: [object Object]","error":"Bad Request","statusCode":400},"status":400,"options":{},"message":"Chá»§ Ä‘á» khĂ´ng há»£p lá»‡. Chá»n má»™t trong: [object Object]","name":"BadRequestException"}],"failureMessages":["BadRequestException: Chá»§ Ä‘á» khĂ´ng há»£p lá»‡. Chá»n má»™t trong: [object Object]\n    at SubmissionServiceService.validateTopic (D:\\1.KCPM\\KCPM\\uth-confms-1\\apps\\submission-service\\src\\submission-service.service.ts:678:13)\n    at SubmissionServiceService.handleSubmission (D:\\1.KCPM\\KCPM\\uth-confms-1\\apps\\submission-service\\src\\submission-service.service.ts:155:7)\n    at Object.<anonymous> (D:\\1.KCPM\\KCPM\\uth-confms-1\\apps\\submission-service\\src\\submission-service.service.spec.ts:340:17)"],"fullName":"SubmissionServiceService handleSubmission [Normal] táº¡o submission má»›i vĂ  upload file thĂ nh cĂ´ng","invocations":1,"location":null,"numPassingAsserts":0,"retryReasons":[],"startAt":1774704800885,"status":"failed","title":"[Normal] táº¡o submission má»›i vĂ  upload file thĂ nh cĂ´ng"},{"ancestorTitles":["SubmissionServiceService","handleSubmission"],"duration":14,"failing":false,"failureDetails":[],"failureMessages":[],"fullName":"SubmissionServiceService handleSubmission [Abnormal] nĂ©m BadRequestException khi Supabase upload lá»—i","invocations":1,"location":null,"numPassingAsserts":1,"retryReasons":[],"startAt":1774704800906,"status":"passed","title":"[Abnormal] nĂ©m BadRequestException khi Supabase upload lá»—i"},{"ancestorTitles":["SubmissionServiceService","findAllWithPagination"],"duration":5,"failing":false,"failureDetails":[],"failureMessages":[],"fullName":"SubmissionServiceService findAllWithPagination [Normal] tráº£ vá» danh sĂ¡ch phĂ¢n trang cĂ³ filter","invocations":1,"location":null,"numPassingAsserts":4,"retryReasons":[],"startAt":1774704800921,"status":"passed","title":"[Normal] tráº£ vá» danh sĂ¡ch phĂ¢n trang cĂ³ filter"},{"ancestorTitles":["SubmissionServiceService","findAllWithPagination"],"duration":10,"failing":false,"failureDetails":[],"failureMessages":[],"fullName":"SubmissionServiceService findAllWithPagination [Boundary] tráº£ vá» trang 1 náº¿u page < 1","invocations":1,"location":null,"numPassingAsserts":2,"retryReasons":[],"startAt":1774704800927,"status":"passed","title":"[Boundary] tráº£ vá» trang 1 náº¿u page < 1"}],"endTime":1774704800955,"message":"  â— SubmissionServiceService â€º handleSubmission â€º [Normal] táº¡o submission má»›i vĂ  upload file thĂ nh cĂ´ng\n\n    BadRequestException: Chá»§ Ä‘á» khĂ´ng há»£p lá»‡. Chá»n má»™t trong: [object Object]\n\n    \u001b[0m \u001b[90m 676 |\u001b[39m\n     \u001b[90m 677 |\u001b[39m     \u001b[36mif\u001b[39m (\u001b[33m!\u001b[39mconference\u001b[33m.\u001b[39mtopics\u001b[33m.\u001b[39mincludes(topic)) {\n    \u001b[31m\u001b[1m>\u001b[22m\u001b[39m\u001b[90m 678 |\u001b[39m       \u001b[36mthrow\u001b[39m \u001b[36mnew\u001b[39m \u001b[33mBadRequestException\u001b[39m(\n     \u001b[90m     |\u001b[39m             \u001b[31m\u001b[1m^\u001b[22m\u001b[39m\n     \u001b[90m 679 |\u001b[39m         \u001b[32m`Chá»§ Ä‘á» khĂ´ng há»£p lá»‡. Chá»n má»™t trong: ${conference.topics.join(', ')}`\u001b[39m\n     \u001b[90m 680 |\u001b[39m       )\u001b[33m;\u001b[39m\n     \u001b[90m 681 |\u001b[39m     }\u001b[0m\n\n      at SubmissionServiceService.validateTopic (apps/submission-service/src/submission-service.service.ts:678:13)\n      at SubmissionServiceService.handleSubmission (apps/submission-service/src/submission-service.service.ts:155:7)\n      at Object.<anonymous> (apps/submission-service/src/submission-service.service.spec.ts:340:17)\n","name":"D:\\1.KCPM\\KCPM\\uth-confms-1\\apps\\submission-service\\src\\submission-service.service.spec.ts","startTime":1774704798979,"status":"failed","summary":""}],"wasInterrupted":false}
